#
# There is insufficient memory for the Java Runtime Environment to continue.
# Native memory allocation (mmap) failed to map 134217728 bytes. Error detail: G1 virtual space
# Possible reasons:
#   The system is out of physical RAM or swap space
#   This process is running with CompressedOops enabled, and the Java Heap may be blocking the growth of the native heap
# Possible solutions:
#   Reduce memory load on the system
#   Increase physical memory or swap space
#   Check if swap backing store is full
#   Decrease Java heap size (-Xmx/-Xms)
#   Decrease number of Java threads
#   Decrease Java thread stack sizes (-Xss)
#   Set larger code cache with -XX:ReservedCodeCacheSize=
#   JVM is running with Unscaled Compressed Oops mode in which the Java heap is
#     placed in the first 4GB address space. The Java Heap base address is the
#     maximum limit for the native heap growth. Please use -XX:HeapBaseMinAddress
#     to set the Java Heap base and to place the Java Heap above 4GB virtual address.
# This output file may be truncated or incomplete.
#
#  Out of Memory Error (os_windows.cpp:3825), pid=3868, tid=1356
#
# JRE version:  (17.0.11) (build )
# Java VM: OpenJDK 64-Bit Server VM (17.0.11+0--11852314, mixed mode, sharing, tiered, compressed oops, compressed class ptrs, g1 gc, windows-amd64)
# No core dump will be written. Minidumps are not enabled by default on client versions of Windows
#

---------------  S U M M A R Y ------------

Command Line: org.jetbrains.kotlin.cli.jvm.K2JVMCompiler @C:\Users\lenovo\AndroidStudioProjects\internaldtrongeexample\app\build\20241108_10562890750372355742.compiler.options

Host: Intel(R) Core(TM) i7-4710MQ CPU @ 2.50GHz, 8 cores, 7G,  Windows 10 , 64 bit Build 19041 (10.0.19041.4957)
Time: Fri Nov  8 07:55:33 2024 Pacific Standard Time elapsed time: 0.013319 seconds (0d 0h 0m 0s)

---------------  T H R E A D  ---------------

Current thread (0x0000023d08852350):  JavaThread "Unknown thread" [_thread_in_vm, id=1356, stack(0x00000077aad00000,0x00000077aae00000)]

Stack: [0x00000077aad00000,0x00000077aae00000]
Native frames: (J=compiled Java code, j=interpreted, Vv=VM code, C=native code)
V  [jvm.dll+0x687bb9]
V  [jvm.dll+0x84142a]
V  [jvm.dll+0x8430ae]
V  [jvm.dll+0x843713]
V  [jvm.dll+0x24a35f]
V  [jvm.dll+0x684989]
V  [jvm.dll+0x67923a]
V  [jvm.dll+0x30af0b]
V  [jvm.dll+0x3123b6]
V  [jvm.dll+0x361dfe]
V  [jvm.dll+0x36202f]
V  [jvm.dll+0x2e0d38]
V  [jvm.dll+0x2e1ca4]
V  [jvm.dll+0x811f21]
V  [jvm.dll+0x36fb68]
V  [jvm.dll+0x7f0896]
V  [jvm.dll+0x3f3d2f]
V  [jvm.dll+0x3f58e1]
C  [jli.dll+0x528f]
C  [ucrtbase.dll+0x21bb2]
C  [KERNEL32.DLL+0x17374]
C  [ntdll.dll+0x4cc91]


---------------  P R O C E S S  ---------------

Threads class SMR info:
_java_thread_list=0x00007ffe12c5efd8, length=0, elements={
}

Java Threads: ( => current thread )

Other Threads:
  0x0000023d088aa610 GCTaskThread "GC Thread#0" [stack: 0x00000077aae00000,0x00000077aaf00000] [id=248]
  0x0000023d088bb1a0 ConcurrentGCThread "G1 Main Marker" [stack: 0x00000077aaf00000,0x00000077ab000000] [id=17116]
  0x0000023d088bc360 ConcurrentGCThread "G1 Conc#0" [stack: 0x00000077ab000000,0x00000077ab100000] [id=2548]

[error occurred during error reporting (printing all threads), id 0xc0000005, EXCEPTION_ACCESS_VIOLATION (0xc0000005) at pc=0x00007ffe12411907]

VM state: not at safepoint (not fully initialized)

VM Mutex/Monitor currently owned by a thread:  ([mutex/lock_event])
[0x0000023d088502d0] Heap_lock - owner thread: 0x0000023d08852350

Heap address: 0x0000000081e00000, size: 2018 MB, Compressed Oops mode: 32-bit

CDS archive(s) mapped at: [0x0000000000000000-0x0000000000000000-0x0000000000000000), size 0, SharedBaseAddress: 0x0000000800000000, ArchiveRelocationMode: 1.
Narrow klass base: 0x0000000000000000, Narrow klass shift: 0, Narrow klass range: 0x0

GC Precious Log:
<Empty>

Heap:
 garbage-first heap   total 0K, used 0K [0x0000000081e00000, 0x0000000100000000)
  region size 1024K, 0 young (0K), 0 survivors (0K)
 Metaspace       used 0K, committed 0K, reserved 0K
  class space    used 0K, committed 0K, reserved 0K

Heap Regions: E=young(eden), S=young(survivor), O=old, HS=humongous(starts), HC=humongous(continues), CS=collection set, F=free, OA=open archive, CA=closed archive, TAMS=top-at-mark-start (previous, next)

Card table byte_map: [0x0000023d1b470000,0x0000023d1b870000] _byte_map_base: 0x0000023d1b061000

Marking Bits (Prev, Next): (CMBitMap*) 0x0000023d088aac30, (CMBitMap*) 0x0000023d088aac70
 Prev Bits: [0x0000023d1bc70000, 0x0000023d1dbf8000)
 Next Bits: [0x0000023d1dc00000, 0x0000023d1fb88000)

GC Heap History (0 events):
No events

Dll operation events (1 events):
Event: 0.008 Loaded shared library C:\Program Files\Android\Android Studio\jbr\bin\java.dll

Deoptimization events (0 events):
No events

Classes unloaded (0 events):
No events

Classes redefined (0 events):
No events

Internal exceptions (0 events):
No events

VM Operations (0 events):
No events

Events (0 events):
No events


Dynamic libraries:
0x00007ff6bb090000 - 0x00007ff6bb09a000 	C:\Program Files\Android\Android Studio\jbr\bin\java.exe
0x00007ffe4f730000 - 0x00007ffe4f928000 	C:\Windows\SYSTEM32\ntdll.dll
0x00007ffe4f620000 - 0x00007ffe4f6e2000 	C:\Windows\System32\KERNEL32.DLL
0x00007ffe4d450000 - 0x00007ffe4d74e000 	C:\Windows\System32\KERNELBASE.dll
0x00007ffe4cf40000 - 0x00007ffe4d040000 	C:\Windows\System32\ucrtbase.dll
0x00007ffe48150000 - 0x00007ffe48167000 	C:\Program Files\Android\Android Studio\jbr\bin\jli.dll
0x00007ffe49800000 - 0x00007ffe4981b000 	C:\Program Files\Android\Android Studio\jbr\bin\VCRUNTIME140.dll
0x00007ffe4e4e0000 - 0x00007ffe4e67d000 	C:\Windows\System32\USER32.dll
0x00007ffe4cdd0000 - 0x00007ffe4cdf2000 	C:\Windows\System32\win32u.dll
0x00007ffe4f4b0000 - 0x00007ffe4f4db000 	C:\Windows\System32\GDI32.dll
0x00007ffe30650000 - 0x00007ffe308ea000 	C:\Windows\WinSxS\amd64_microsoft.windows.common-controls_6595b64144ccf1df_6.0.19041.4355_none_60b8b9eb71f62e16\COMCTL32.dll
0x00007ffe4d240000 - 0x00007ffe4d357000 	C:\Windows\System32\gdi32full.dll
0x00007ffe4d3b0000 - 0x00007ffe4d44d000 	C:\Windows\System32\msvcp_win.dll
0x00007ffe4e3a0000 - 0x00007ffe4e43e000 	C:\Windows\System32\msvcrt.dll
0x00007ffe4e4b0000 - 0x00007ffe4e4df000 	C:\Windows\System32\IMM32.DLL
0x00007ffe499b0000 - 0x00007ffe499bc000 	C:\Program Files\Android\Android Studio\jbr\bin\vcruntime140_1.dll
0x00007ffe48480000 - 0x00007ffe4850d000 	C:\Program Files\Android\Android Studio\jbr\bin\msvcp140.dll
0x00007ffe12120000 - 0x00007ffe12da3000 	C:\Program Files\Android\Android Studio\jbr\bin\server\jvm.dll
0x00007ffe4f310000 - 0x00007ffe4f3c2000 	C:\Windows\System32\ADVAPI32.dll
0x00007ffe4ec30000 - 0x00007ffe4ecd0000 	C:\Windows\System32\sechost.dll
0x00007ffe4d7e0000 - 0x00007ffe4d903000 	C:\Windows\System32\RPCRT4.dll
0x00007ffe4d040000 - 0x00007ffe4d067000 	C:\Windows\System32\bcrypt.dll
0x00007ffe4c360000 - 0x00007ffe4c3ab000 	C:\Windows\SYSTEM32\POWRPROF.dll
0x00007ffe49e80000 - 0x00007ffe49e89000 	C:\Windows\SYSTEM32\WSOCK32.dll
0x00007ffe3aa00000 - 0x00007ffe3aa27000 	C:\Windows\SYSTEM32\WINMM.dll
0x00007ffe4eb60000 - 0x00007ffe4ebcb000 	C:\Windows\System32\WS2_32.dll
0x00007ffe46aa0000 - 0x00007ffe46aaa000 	C:\Windows\SYSTEM32\VERSION.dll
0x00007ffe4c1d0000 - 0x00007ffe4c1e2000 	C:\Windows\SYSTEM32\UMPDC.dll
0x00007ffe4ac50000 - 0x00007ffe4ac62000 	C:\Windows\SYSTEM32\kernel.appcore.dll
0x00007ffe49990000 - 0x00007ffe4999a000 	C:\Program Files\Android\Android Studio\jbr\bin\jimage.dll
0x00007ffe3d6c0000 - 0x00007ffe3d8a4000 	C:\Windows\SYSTEM32\DBGHELP.DLL
0x00007ffe3d660000 - 0x00007ffe3d694000 	C:\Windows\SYSTEM32\dbgcore.DLL
0x00007ffe4ce00000 - 0x00007ffe4ce82000 	C:\Windows\System32\bcryptPrimitives.dll
0x00007ffe49760000 - 0x00007ffe49785000 	C:\Program Files\Android\Android Studio\jbr\bin\java.dll

dbghelp: loaded successfully - version: 4.0.5 - missing functions: none
symbol engine: initialized successfully - sym options: 0x614 - pdb path: .;C:\Program Files\Android\Android Studio\jbr\bin;C:\Windows\SYSTEM32;C:\Windows\WinSxS\amd64_microsoft.windows.common-controls_6595b64144ccf1df_6.0.19041.4355_none_60b8b9eb71f62e16;C:\Program Files\Android\Android Studio\jbr\bin\server

VM Arguments:
java_command: org.jetbrains.kotlin.cli.jvm.K2JVMCompiler @C:\Users\lenovo\AndroidStudioProjects\internaldtrongeexample\app\build\20241108_10562890750372355742.compiler.options
java_class_path (initial): C:\Users\lenovo\.gradle\caches\modules-2\files-2.1\org.jetbrains.kotlin\kotlin-compiler-embeddable\1.9.0\2c8c3a7402becca891f12739b3e9fd2dc2adbd7a\kotlin-compiler-embeddable-1.9.0.jar;C:\Users\lenovo\.gradle\caches\modules-2\files-2.1\org.jetbrains.kotlin\kotlin-stdlib\1.9.0\8ee15ef0c67dc83d874f412d84378d7f0eb50b63\kotlin-stdlib-1.9.0.jar;C:\Users\lenovo\.gradle\caches\modules-2\files-2.1\org.jetbrains.kotlin\kotlin-script-runtime\1.9.0\4b3102cbbb7e1b58d9d1adf89563f00069ffa7d1\kotlin-script-runtime-1.9.0.jar;C:\Users\lenovo\.gradle\caches\modules-2\files-2.1\org.jetbrains.kotlin\kotlin-reflect\1.6.10\1cbe9c92c12a94eea200d23c2bbaedaf3daf5132\kotlin-reflect-1.6.10.jar;C:\Users\lenovo\.gradle\caches\modules-2\files-2.1\org.jetbrains.kotlin\kotlin-daemon-embeddable\1.9.0\186543f5e28cf8d9a0290fecc2cf34301c40a65c\kotlin-daemon-embeddable-1.9.0.jar;C:\Users\lenovo\.gradle\caches\modules-2\files-2.1\org.jetbrains.intellij.deps\trove4j\1.0.20200330\3afb14d5f9ceb459d724e907a21145e8ff394f02\trove4j-1.0.20200330.jar;C:\Users\lenovo\.gradle\caches\modules-2\files-2.1\org.jetbrains.kotlin\kotlin-stdlib-common\1.9.0\cd65c21cfd1eec4d44ef09f9f52b6d9f8a720636\kotlin-stdlib-common-1.9.0.jar;C:\Users\lenovo\.gradle\caches\modules-2\files-2.1\org.jetbrains\annotations\13.0\919f0dfe192fb4e063e7dacadee7f8bb9a2672a9\annotations-13.0.jar
Launcher Type: SUN_STANDARD

[Global flags]
     intx CICompilerCount                          = 4                                         {product} {ergonomic}
     uint ConcGCThreads                            = 2                                         {product} {ergonomic}
     uint G1ConcRefinementThreads                  = 8                                         {product} {ergonomic}
   size_t G1HeapRegionSize                         = 1048576                                   {product} {ergonomic}
    uintx GCDrainStackTargetSize                   = 64                                        {product} {ergonomic}
   size_t InitialHeapSize                          = 134217728                                 {product} {ergonomic}
   size_t MarkStackSize                            = 4194304                                   {product} {ergonomic}
   size_t MaxHeapSize                              = 2116026368                                {product} {ergonomic}
   size_t MinHeapDeltaBytes                        = 1048576                                   {product} {ergonomic}
   size_t MinHeapSize                              = 8388608                                   {product} {ergonomic}
    uintx NonNMethodCodeHeapSize                   = 5839372                                {pd product} {ergonomic}
    uintx NonProfiledCodeHeapSize                  = 122909434                              {pd product} {ergonomic}
    uintx ProfiledCodeHeapSize                     = 122909434                              {pd product} {ergonomic}
    uintx ReservedCodeCacheSize                    = 251658240                              {pd product} {ergonomic}
     bool SegmentedCodeCache                       = true                                      {product} {ergonomic}
   size_t SoftMaxHeapSize                          = 2116026368                             {manageable} {ergonomic}
     bool UseCompressedClassPointers               = true                           {product lp64_product} {ergonomic}
     bool UseCompressedOops                        = true                           {product lp64_product} {ergonomic}
     bool UseG1GC                                  = true                                      {product} {ergonomic}
     bool UseLargePagesIndividualAllocation        = false                                  {pd product} {ergonomic}

Logging:
Log output configuration:
 #0: stdout all=warning uptime,level,tags
 #1: stderr all=off uptime,level,tags

Environment Variables:
PATH=C:\Program Files\Common Files\Oracle\Java\javapath;C:\Program Files (x86)\Common Files\Oracle\Java\javapath;C:\Windows\system32;C:\Windows;C:\Windows\System32\Wbem;C:\Windows\System32\WindowsPowerShell\v1.0\;C:\Windows\System32\OpenSSH\;C:\Program Files\NVIDIA Corporation\NVIDIA NvDLISR;C:\Program Files (x86)\NVIDIA Corporation\PhysX\Common;C:\Program Files (x86)\AOMEI\AOMEI Backupper\7.3.2;C:\Program Files\Docker\Docker\resources\bin;C:\Program Files\Git\cmd;C:\Program Files\dotnet\;C:\xampp\php;C:\composer;C:\Users\lenovo\AppData\Local\Programs\Python\Launcher\;C:\Users\lenovo\AppData\Local\Microsoft\WindowsApps;;C:\Users\lenovo\AppData\Local\Programs\Microsoft VS Code\bin;C:\Users\lenovo\AppData\Roaming\Composer\vendor\bin
USERNAME=lenovo
OS=Windows_NT
PROCESSOR_IDENTIFIER=Intel64 Family 6 Model 60 Stepping 3, GenuineIntel
TMP=C:\Users\lenovo\AppData\Local\Temp
TEMP=C:\Users\lenovo\AppData\Local\Temp



Periodic native trim disabled

JNI global refs:
JNI global refs: 0, weak refs: 0

JNI global refs memory usage: 0, weak refs: 0

Process memory usage:
Resident Set Size: 10776K (0% of 8264432K total physical memory with 356856K free physical memory)

OOME stack traces (most recent first):
Classloader memory used:


---------------  S Y S T E M  ---------------

OS:
 Windows 10 , 64 bit Build 19041 (10.0.19041.4957)
OS uptime: 0 days 3:43 hours

CPU: total 8 (initial active 8) (4 cores per cpu, 2 threads per core) family 6 model 60 stepping 3 microcode 0x27, cx8, cmov, fxsr, ht, mmx, sse, sse2, sse3, ssse3, sse4.1, sse4.2, popcnt, lzcnt, tsc, tscinvbit, avx, avx2, aes, erms, clmul, bmi1, bmi2, fma, vzeroupper, clflush
Processor Information for all 8 processors :
  Max Mhz: 2494, Current Mhz: 2444, Mhz Limit: 2494

Memory: 4k page, system-wide physical 8070M (348M free)
TotalPageFile size 16262M (AvailPageFile size 105M)
current process WorkingSet (physical memory assigned to process): 10M, peak: 10M
current process commit charge ("private bytes"): 60M, peak: 188M

vm_info: OpenJDK 64-Bit Server VM (17.0.11+0--11852314) for windows-amd64 JRE (17.0.11+0--11852314), built on May 16 2024 21:29:20 by "androidbuild" with MS VC++ 16.10 / 16.11 (VS2019)

END.
